0 info it worked if it ends with ok
1 verbose cli [ 'node', '/usr/local/bin/npm', 'publish' ]
2 info using npm@2.14.3
3 info using node@v0.10.25
4 verbose node symlink /usr/bin/node
5 verbose publish [ '.' ]
6 silly cache add args [ '.', null ]
7 verbose cache add spec .
8 silly cache add parsed spec { raw: '.',
8 silly cache add   scope: null,
8 silly cache add   name: null,
8 silly cache add   rawSpec: '.',
8 silly cache add   spec: '/home/jameswilddev/Documents/influx/sunruse-influx-platforms-javascript',
8 silly cache add   type: 'directory' }
9 verbose addLocalDirectory /home/jameswilddev/.npm/sunruse-influx-platforms-javascript/0.0.5/package.tgz not in flight; packing
10 verbose tar pack [ '/home/jameswilddev/.npm/sunruse-influx-platforms-javascript/0.0.5/package.tgz',
10 verbose tar pack   '/home/jameswilddev/Documents/influx/sunruse-influx-platforms-javascript' ]
11 verbose tarball /home/jameswilddev/.npm/sunruse-influx-platforms-javascript/0.0.5/package.tgz
12 verbose folder /home/jameswilddev/Documents/influx/sunruse-influx-platforms-javascript
13 info prepublish sunruse-influx-platforms-javascript@0.0.5
14 verbose unsafe-perm in lifecycle true
15 verbose addLocalTarball adding from inside cache /home/jameswilddev/.npm/sunruse-influx-platforms-javascript/0.0.5/package.tgz
16 silly cache afterAdd sunruse-influx-platforms-javascript@0.0.5
17 verbose afterAdd /home/jameswilddev/.npm/sunruse-influx-platforms-javascript/0.0.5/package/package.json not in flight; writing
18 verbose afterAdd /home/jameswilddev/.npm/sunruse-influx-platforms-javascript/0.0.5/package/package.json written
19 silly publish { name: 'sunruse-influx-platforms-javascript',
19 silly publish   version: '0.0.5',
19 silly publish   description: 'A platform implementation for SUNRUSE.influx which generates JavaScript source code.',
19 silly publish   main: 'deploy/types.js',
19 silly publish   dependencies:
19 silly publish    { 'sunruse-influx-libraries': '0.0.0',
19 silly publish      'sunruse-influx-platforms-helpers': '0.0.2',
19 silly publish      'sunruse-influx-toolchain': '^1.0.2' },
19 silly publish   devDependencies:
19 silly publish    { grunt: '^0.4.5',
19 silly publish      'grunt-contrib-clean': '^0.6.0',
19 silly publish      'grunt-contrib-coffee': '^0.13.0',
19 silly publish      'grunt-contrib-copy': '^0.8.1',
19 silly publish      'grunt-contrib-watch': '^0.6.1',
19 silly publish      'grunt-jasmine-nodejs': '^1.4.3',
19 silly publish      'jasmine-collection-matchers': '^0.1.0' },
19 silly publish   scripts:
19 silly publish    { test: 'grunt build test',
19 silly publish      prepublish: 'grunt build test deploy' },
19 silly publish   files: [ 'deploy' ],
19 silly publish   repository:
19 silly publish    { type: 'git',
19 silly publish      url: 'git+https://github.com/SUNRUSE/sunruse-influx-platforms-javascript.git' },
19 silly publish   keywords:
19 silly publish    [ 'sunruse',
19 silly publish      'influx',
19 silly publish      'programming',
19 silly publish      'language',
19 silly publish      'runtime',
19 silly publish      'purely',
19 silly publish      'pure',
19 silly publish      'functional',
19 silly publish      'constant',
19 silly publish      'time' ],
19 silly publish   author: { name: 'SUNRUSE' },
19 silly publish   license: 'MIT',
19 silly publish   bugs: { url: 'https://github.com/SUNRUSE/sunruse-influx-platforms-javascript/issuess' },
19 silly publish   homepage: 'https://github.com/SUNRUSE/sunruse-influx-platforms-javascript',
19 silly publish   readme: 'A platform implementation for SUNRUSE.influx which generates JavaScript source code.  The generated code assumes that the input to the compiled function is accessible via "input", and any properties are nested objects.  Here is a typical example:\n\n    helloWorld\n\t    output \n\t\t\ttest1 input a b\n\t\t\ttest2 true\n\t\t\tnesting\n\t\t\t\ttest3 false\n\t\t\t\ttest4 5.7\n\t\t\t\ttest5 3\n\t\t\t\t\nThis compiles to:\n\n    return {\n\t\ttest1: input.a.b,\n\t\ttest2: true,\n\t\tnesting: {\n\t\t\ttest3: false,\n\t\t\ttest4: 5.7,\n\t\t\ttest5: 3\n\t\t}\n\t};\n\t\nYou can therefore use the generated source code directly from the result string by creating a new JavaScript Function object:\n\n    var func = new Function("input", code);\n\t\n\tvar result = func({\n\t\t\ta: {\n\t\t\t\tb: 78749\n\t\t\t}\n\t\t});\n\t\t\n\tconsole.log(result.test1); // 78749\n\tconsole.log(result.test2); // true\n\tconsole.log(result.nesting.test3); // false\n\tconsole.log(result.nesting.test4); // 5.7\n\tconsole.log(result.nesting.test5); // 3',
19 silly publish   readmeFilename: 'readme.md',
19 silly publish   gitHead: '94abd0c49b0d04b68f98ed89e3e5c488291c931f',
19 silly publish   _id: 'sunruse-influx-platforms-javascript@0.0.5',
19 silly publish   _shasum: '0a6b42c5b8a3ca27b5cf29856691da0611810a42',
19 silly publish   _from: '.' }
20 verbose getPublishConfig undefined
21 silly mapToRegistry name sunruse-influx-platforms-javascript
22 silly mapToRegistry using default registry
23 silly mapToRegistry registry https://registry.npmjs.org/
24 silly mapToRegistry uri https://registry.npmjs.org/sunruse-influx-platforms-javascript
25 verbose publish registryBase https://registry.npmjs.org/
26 silly publish uploading /home/jameswilddev/.npm/sunruse-influx-platforms-javascript/0.0.5/package.tgz
27 verbose request uri https://registry.npmjs.org/sunruse-influx-platforms-javascript
28 verbose request sending authorization for write operation
29 info attempt registry request try #1 at 08:53:48
30 verbose request using bearer token for auth
31 verbose request id 45d257437f45efa4
32 http request PUT https://registry.npmjs.org/sunruse-influx-platforms-javascript
33 http 403 https://registry.npmjs.org/sunruse-influx-platforms-javascript
34 verbose headers { 'content-type': 'application/json',
34 verbose headers   'cache-control': 'max-age=60',
34 verbose headers   'content-length': '95',
34 verbose headers   'accept-ranges': 'bytes',
34 verbose headers   date: 'Wed, 16 Sep 2015 07:53:49 GMT',
34 verbose headers   via: '1.1 varnish',
34 verbose headers   connection: 'keep-alive',
34 verbose headers   'x-served-by': 'cache-lcy1123-LCY',
34 verbose headers   'x-cache': 'MISS',
34 verbose headers   'x-cache-hits': '0',
34 verbose headers   'x-timer': 'S1442390028.214503,VS0,VE1344' }
35 verbose request invalidating /home/jameswilddev/.npm/registry.npmjs.org/sunruse-influx-platforms-javascript on PUT
36 error publish Failed PUT 403
37 verbose stack Error: "You cannot publish over the previously published version 0.0.5." : sunruse-influx-platforms-javascript
37 verbose stack     at makeError (/usr/local/lib/node_modules/npm/node_modules/npm-registry-client/lib/request.js:263:12)
37 verbose stack     at CachingRegistryClient.<anonymous> (/usr/local/lib/node_modules/npm/node_modules/npm-registry-client/lib/request.js:251:14)
37 verbose stack     at Request._callback (/usr/local/lib/node_modules/npm/node_modules/npm-registry-client/lib/request.js:171:14)
37 verbose stack     at Request.self.callback (/usr/local/lib/node_modules/npm/node_modules/request/request.js:198:22)
37 verbose stack     at Request.EventEmitter.emit (events.js:98:17)
37 verbose stack     at Request.<anonymous> (/usr/local/lib/node_modules/npm/node_modules/request/request.js:1073:14)
37 verbose stack     at Request.EventEmitter.emit (events.js:117:20)
37 verbose stack     at IncomingMessage.<anonymous> (/usr/local/lib/node_modules/npm/node_modules/request/request.js:1019:12)
37 verbose stack     at IncomingMessage.EventEmitter.emit (events.js:117:20)
37 verbose stack     at _stream_readable.js:920:16
38 verbose statusCode 403
39 verbose pkgid sunruse-influx-platforms-javascript
40 verbose cwd /home/jameswilddev/Documents/influx/sunruse-influx-platforms-javascript
41 error Linux 3.19.0-28-generic
42 error argv "node" "/usr/local/bin/npm" "publish"
43 error node v0.10.25
44 error npm  v2.14.3
45 error code E403
46 error "You cannot publish over the previously published version 0.0.5." : sunruse-influx-platforms-javascript
47 error If you need help, you may report this error at:
47 error     <https://github.com/npm/npm/issues>
48 verbose exit [ 1, true ]
